<?xml version="1.0" encoding="UTF-8"?>
<testsuite name="PasswordStateMachineTest" tests="17" skipped="0" failures="0" errors="0" timestamp="2024-08-10T00:30:52" hostname="Kelsons-MacBook-Pro-2.local" time="0.132">
  <properties/>
  <testcase name="testPasswordVerifierValid()" classname="PasswordStateMachineTest" time="0.065"/>
  <testcase name="testValidPasswordStateSpecial()" classname="PasswordStateMachineTest" time="0.003"/>
  <testcase name="testNoSpecialCharacterStateSpecial()" classname="PasswordStateMachineTest" time="0.002"/>
  <testcase name="testPasswordVerifierInvalidNoSpecialCharacter()" classname="PasswordStateMachineTest" time="0.001"/>
  <testcase name="testNoCapitalLetterStateSpecial()" classname="PasswordStateMachineTest" time="0.003"/>
  <testcase name="testInvalidPasswordState()" classname="PasswordStateMachineTest" time="0.002"/>
  <testcase name="testPasswordVerifierInvalidNoCapitalLetter()" classname="PasswordStateMachineTest" time="0.003"/>
  <testcase name="testNoSpecialNoCapitalStateCapital()" classname="PasswordStateMachineTest" time="0.002"/>
  <testcase name="testPasswordVerifierInvalidTooShort()" classname="PasswordStateMachineTest" time="0.001"/>
  <testcase name="testNoSpecialCharacterState()" classname="PasswordStateMachineTest" time="0.0"/>
  <testcase name="testNoSpecialNoCapitalStateSpecial()" classname="PasswordStateMachineTest" time="0.005"/>
  <testcase name="testValidPasswordState()" classname="PasswordStateMachineTest" time="0.005"/>
  <testcase name="testEndInSpecialCharacterState()" classname="PasswordStateMachineTest" time="0.001"/>
  <testcase name="testNoCapitalLetterState()" classname="PasswordStateMachineTest" time="0.003"/>
  <testcase name="testPasswordVerifierInvalidEndsInSpecialCharacter()" classname="PasswordStateMachineTest" time="0.0"/>
  <testcase name="testEndInSpecialCharacterStateValid()" classname="PasswordStateMachineTest" time="0.0"/>
  <testcase name="testNoSpecialNoCapitalState()" classname="PasswordStateMachineTest" time="0.003"/>
  <system-out><![CDATA[]]></system-out>
  <system-err><![CDATA[]]></system-err>
</testsuite>
