<?xml version="1.0" encoding="UTF-8"?>
<testsuite name="FloatStateMachineTest" tests="20" skipped="0" failures="0" errors="0" timestamp="2024-08-08T05:18:00" hostname="Kelsons-MacBook-Pro-2.local" time="0.663">
  <properties/>
  <testcase name="testValidSecondPartFloatStateInvalid()" classname="FloatStateMachineTest" time="0.555"/>
  <testcase name="testFloatVerifierInvalidDigitAfterZero()" classname="FloatStateMachineTest" time="0.013"/>
  <testcase name="testInvalidFloatState()" classname="FloatStateMachineTest" time="0.009"/>
  <testcase name="testPeriodAfterZeroInvalid()" classname="FloatStateMachineTest" time="0.003"/>
  <testcase name="testValidFirstPartFloatStateInvalid()" classname="FloatStateMachineTest" time="0.006"/>
  <testcase name="testValidFirstPartFloatStatePeriod()" classname="FloatStateMachineTest" time="0.001"/>
  <testcase name="testValidSecondPartFloatStateValid()" classname="FloatStateMachineTest" time="0.001"/>
  <testcase name="testFloatVerifierInvalidDigitNothingAfterPeriod()" classname="FloatStateMachineTest" time="0.001"/>
  <testcase name="testValidFirstPartFloatStateValid()" classname="FloatStateMachineTest" time="0.004"/>
  <testcase name="testFirstFloatDigitZero()" classname="FloatStateMachineTest" time="0.001"/>
  <testcase name="testFirstFloatDigitInvalidInput()" classname="FloatStateMachineTest" time="0.005"/>
  <testcase name="testFloatVerifierValid()" classname="FloatStateMachineTest" time="0.002"/>
  <testcase name="testFloatVerifierInvalidNoPeriod()" classname="FloatStateMachineTest" time="0.001"/>
  <testcase name="testFirstDigitAfterPeriodStateInvalid()" classname="FloatStateMachineTest" time="0.001"/>
  <testcase name="testFirstFloatDigitNumber()" classname="FloatStateMachineTest" time="0.003"/>
  <testcase name="testFirstDigitAfterPeriodStateValid()" classname="FloatStateMachineTest" time="0.001"/>
  <testcase name="testFloatVerifierInvalidDigit()" classname="FloatStateMachineTest" time="0.001"/>
  <testcase name="testFloatVerifierInvalidEmptyInput()" classname="FloatStateMachineTest" time="0.001"/>
  <testcase name="testFirstFloatDigitPeriod()" classname="FloatStateMachineTest" time="0.001"/>
  <testcase name="testPeriodAfterZeroValid()" classname="FloatStateMachineTest" time="0.002"/>
  <system-out><![CDATA[]]></system-out>
  <system-err><![CDATA[]]></system-err>
</testsuite>
